<?xml version="1.0" encoding="UTF-8"?>
<testng-results ignored="0" total="1" passed="1" failed="0" skipped="0">
  <reporter-output>
  </reporter-output>
  <suite started-at="2022-06-25T09:08:14Z" name="Default suite" finished-at="2022-06-25T09:08:46Z" duration-ms="31740">
    <groups>
    </groups>
    <test started-at="2022-06-25T09:08:14Z" name="Default test" finished-at="2022-06-25T09:08:46Z" duration-ms="31740">
      <class name="com.test.IjMeetSignUpPagetTest">
        <test-method is-config="true" signature="setUp()[pri:0, instance:com.test.IjMeetSignUpPagetTest@30c93896]" started-at="2022-06-25T09:08:14Z" name="setUp" finished-at="2022-06-25T09:08:34Z" duration-ms="20508" status="PASS">
          <reporter-output>
          </reporter-output>
        </test-method> <!-- setUp -->
        <test-method signature="VerifyPhonenoinPlaceofFullName()[pri:0, instance:com.test.IjMeetSignUpPagetTest@30c93896]" started-at="2022-06-25T09:08:34Z" name="VerifyPhonenoinPlaceofFullName" finished-at="2022-06-25T09:08:45Z" duration-ms="10332" status="PASS">
          <reporter-output>
          </reporter-output>
        </test-method> <!-- VerifyPhonenoinPlaceofFullName -->
        <test-method is-config="true" signature="TearDown()[pri:0, instance:com.test.IjMeetSignUpPagetTest@30c93896]" started-at="2022-06-25T09:08:45Z" name="TearDown" finished-at="2022-06-25T09:08:45Z" duration-ms="850" status="PASS">
          <reporter-output>
          </reporter-output>
        </test-method> <!-- TearDown -->
      </class> <!-- com.test.IjMeetSignUpPagetTest -->
    </test> <!-- Default test -->
  </suite> <!-- Default suite -->
</testng-results>
